-------------------------------------------------------------------------------
Test set: se.kth.iv1350.amazingpos.view.ViewTest
-------------------------------------------------------------------------------
Tests run: 1, Failures: 1, Errors: 0, Skipped: 0, Time elapsed: 0.001 sec <<< FAILURE!
se.kth.iv1350.amazingpos.view.ViewTest.testRunFakeExecution()  Time elapsed: 0 sec  <<< FAILURE!
java.lang.NullPointerException: Cannot invoke "se.kth.iv1350.amazingpos.view.View.runFakeExecution()" because "this.instanceToTest" is null
	at se.kth.iv1350.amazingpos.view.ViewTest.testRunFakeExecution(ViewTest.java:36)

